#-----------------------------------------------------------
# PlanAhead v14.7 (64-bit)
# Build 321239 by xbuild on Fri Sep 27 19:24:36 MDT 2013
# Start of session at: Fri Jun  7 16:32:51 2024
# Process ID: 5038
# Log file: /home/user/lab2_o_gore/planAhead_run_1/planAhead.log
# Journal file: /home/user/lab2_o_gore/planAhead_run_1/planAhead.jou
#-----------------------------------------------------------
INFO: [Common 17-78] Attempting to get a license: PlanAhead
INFO: [Common 17-290] Got license for PlanAhead
INFO: [Device 21-36] Loading parts and site information from /opt/Xilinx/14.7/ISE_DS/PlanAhead/data/parts/arch.xml
Parsing RTL primitives file [/opt/Xilinx/14.7/ISE_DS/PlanAhead/data/parts/xilinx/rtl/prims/rtl_prims.xml]
Finished parsing RTL primitives file [/opt/Xilinx/14.7/ISE_DS/PlanAhead/data/parts/xilinx/rtl/prims/rtl_prims.xml]
start_gui
source /home/user/lab2_o_gore/pa.fromHdl.tcl
# create_project -name lab2_o_gore -dir "/home/user/lab2_o_gore/planAhead_run_1" -part xc3s200ft256-5
# set_param project.pinAheadLayout yes
# set srcset [get_property srcset [current_run -impl]]
# set_property target_constrs_file "main.ucf" [current_fileset -constrset]
Adding file '/home/user/lab2_o_gore/main.ucf' to fileset 'constrs_1'
# set hdlfile [add_files [list {seven_segment_driver.v}]]
# set_property file_type Verilog $hdlfile
# set_property library work $hdlfile
# set hdlfile [add_files [list {led_decode.v}]]
# set_property file_type Verilog $hdlfile
# set_property library work $hdlfile
# set hdlfile [add_files [list {main.v}]]
# set_property file_type Verilog $hdlfile
# set_property library work $hdlfile
# set_property top main $srcset
# add_files [list {main.ucf}] -fileset [get_property constrset [current_run]]
# open_rtl_design -part xc3s200ft256-5
Using Verific elaboration
Parsing VHDL file "/opt/Xilinx/14.7/ISE_DS/PlanAhead/data/parts/xilinx/rtl/lib/synplify/synattr.vhd" into library synplify
Analyzing Verilog file "/home/user/lab2_o_gore/seven_segment_driver.v" into library work
Analyzing Verilog file "/home/user/lab2_o_gore/led_decode.v" into library work
Analyzing Verilog file "/home/user/lab2_o_gore/main.v" into library work
CRITICAL WARNING: [EDIF 20-96] Could not resolve non-primitive black box cell 'lab2_example' instantiated as 'lab2_example_inst' [/home/user/lab2_o_gore/main.v:30]
Resolution: File names need to match cell names: an EDIF definition will be found in lab2_example.edf; an HDL definition may be placed in any Verilog/VHDL file.
INFO: [Designutils 20-910] Reading macro library /opt/Xilinx/14.7/ISE_DS/PlanAhead/data/./parts/xilinx/spartan3/hd_int_macros.edn
Parsing EDIF File [/opt/Xilinx/14.7/ISE_DS/PlanAhead/data/./parts/xilinx/spartan3/hd_int_macros.edn]
Finished Parsing EDIF File [/opt/Xilinx/14.7/ISE_DS/PlanAhead/data/./parts/xilinx/spartan3/hd_int_macros.edn]
Loading clock regions from /opt/Xilinx/14.7/ISE_DS/PlanAhead/data/parts/xilinx/spartan3/spartan3/xc3s200/ClockRegion.xml
Loading clock buffers from /opt/Xilinx/14.7/ISE_DS/PlanAhead/data/parts/xilinx/spartan3/spartan3/xc3s200/ClockBuffers.xml
Loading package from /opt/Xilinx/14.7/ISE_DS/PlanAhead/data/parts/xilinx/spartan3/spartan3/xc3s200/ft256/Package.xml
Loading io standards from /opt/Xilinx/14.7/ISE_DS/PlanAhead/data/./parts/xilinx/spartan3/IOStandards.xml
INFO: [Device 21-19] Loading pkg sso from /opt/Xilinx/14.7/ISE_DS/PlanAhead/data/parts/xilinx/spartan3/spartan3/xc3s200/ft256/SSORules.xml
Loading list of drcs for the architecture : /opt/Xilinx/14.7/ISE_DS/PlanAhead/data/./parts/xilinx/spartan3/drc.xml
INFO: [Timing 38-77] Reading timing library /opt/Xilinx/14.7/ISE_DS/PlanAhead/data/parts/xilinx/spartan3/spartan3/spartan3-5.lib.
INFO: [Timing 38-34] Done reading timing library /opt/Xilinx/14.7/ISE_DS/PlanAhead/data/parts/xilinx/spartan3/spartan3/spartan3-5.lib.
Parsing UCF File [/home/user/lab2_o_gore/main.ucf]
Finished Parsing UCF File [/home/user/lab2_o_gore/main.ucf]
INFO: [Project 1-111] Unisim Transformation Summary:
No Unisim elements were transformed.

Phase 0 | Netlist Checksum: c2e9a08c
open_rtl_design: Time (s): cpu = 00:00:07 ; elapsed = 00:00:05 . Memory (MB): peak = 2845.059 ; gain = 88.641
update_compile_order -fileset sim_1
startgroup
set_property package_pin D14 [get_ports {a[0]}]
endgroup
startgroup
set_property package_pin G14 [get_ports {a[1]}]
endgroup
startgroup
set_property package_pin F14 [get_ports {a[2]}]
endgroup
startgroup
set_property package_pin E13 [get_ports {a[3]}]
endgroup
startgroup
set_property package_pin N16 [get_ports {led[0]}]
endgroup
startgroup
set_property package_pin P13 [get_ports {led[1]}]
endgroup
startgroup
set_property package_pin R16 [get_ports {led[2]}]
endgroup
set_property package_pin "" [get_ports [list  {led[4]}]]
startgroup
set_property package_pin P15 [get_ports {led[3]}]
endgroup
startgroup
set_property package_pin N15 [get_ports {led[4]}]
endgroup
startgroup
set_property package_pin G13 [get_ports {led[5]}]
endgroup
startgroup
set_property package_pin E14 [get_ports {led[6]}]
endgroup
startgroup
set_property package_pin P16 [get_ports {led[7]}]
endgroup
startgroup
set_property package_pin P13 [get_ports {led[1]}]
endgroup
startgroup
set_property package_pin N16 [get_ports {led[0]}]
endgroup
set_property package_pin "" [get_ports [list  {state[1]}]]
startgroup
set_property package_pin T9 [get_ports clk]
endgroup
startgroup
set_property package_pin M13 [get_ports count]
endgroup
save_constraints
exit
ERROR: [#UNDEF] *** Exception: ui.h.b: Found deleted key in HTclEventBroker. Verify if the classes listed here call cleanup()
HTclEvent: DEBUG_CORE_CONFIG_CHANGE   Classes: ui.views.aR 
HTclEvent: DEBUG_PORT_CONFIG_CHANGE   Classes: ui.views.aR 
HTclEvent: SIGNAL_BUS_MODIFY   Classes: ui.views.aR 
HTclEvent: SIGNAL_MODIFY   Classes: ui.views.aR 
 (See /home/user/lab2_o_gore/planAhead_pid5038.debug)
ERROR: [Common 17-39] 'stop_gui' failed due to earlier errors.
INFO: [Common 17-206] Exiting PlanAhead at Fri Jun  7 16:40:55 2024...
INFO: [Common 17-83] Releasing license: PlanAhead
